2016-11-14 21:59:28,832 /share/photo_dump/photos_thl5000_20151112/Camera/VID_20150811_164304.3gp, /share/homes/admin/hold/photos_thl5000_20151112/Camera/VID_20150811_164304.3gp, hold moved as it is identical, 2015-08-11 16:43:04, video
2016-11-14 21:59:29,705 /share/photo_dump/photos_thl5000_20151112/Camera/VID_20140104_012500.3gp, /share/homes/admin/hold/photos_thl5000_20151112/Camera/VID_20140104_012500.3gp, hold moved as it is identical, 2014-01-04 01:25:00, video
2016-11-14 21:59:29,934 /share/photo_dump/photos_thl5000_20151112/Camera/VID_20150811_191144.3gp, /share/homes/admin/hold/photos_thl5000_20151112/Camera/VID_20150811_191144.3gp, hold moved as it is identical, 2015-08-11 19:11:44, video
2016-11-14 21:59:31,495 /share/photo_dump/photos_thl5000_20151112/Camera/VID_20150809_164513.3gp, /share/homes/admin/hold/photos_thl5000_20151112/Camera/VID_20150809_164513.3gp, hold moved as it is identical, 2015-08-09 16:45:13, video
2016-11-14 21:59:32,014 /share/photo_dump/photos_thl5000_20151112/Camera/VID_20150815_014143.3gp, /share/homes/admin/hold/photos_thl5000_20151112/Camera/VID_20150815_014143.3gp, hold moved as it is identical, 2015-08-15 01:41:43, video
2016-11-14 21:59:32,194 /share/photo_dump/photos_thl5000_20151112/Camera/VID_20150807_072440.3gp, /share/homes/admin/hold/photos_thl5000_20151112/Camera/VID_20150807_072440.3gp, hold moved as it is identical, 2015-08-07 07:24:40, video
2016-11-14 21:59:32,564 /share/photo_dump/photos_thl5000_20151112/Camera/VID_20150810_205821.3gp, /share/homes/admin/hold/photos_thl5000_20151112/Camera/VID_20150810_205821.3gp, hold moved as it is identical, 2015-08-10 20:58:21, video
2016-11-14 21:59:36,097 /share/photo_dump/photos_thl5000_20151112/Camera/VID_20150815_013955.3gp, /share/homes/admin/hold/photos_thl5000_20151112/Camera/VID_20150815_013955.3gp, hold moved as it is identical, 2015-08-15 01:39:55, video
2016-11-14 21:59:38,755 /share/photo_dump/photos_thl5000_20151112/Camera/VID_20150810_211005.3gp, /share/homes/admin/hold/photos_thl5000_20151112/Camera/VID_20150810_211005.3gp, hold moved as it is identical, 2015-08-10 21:10:05, video
2016-11-14 21:59:40,800 /share/photo_dump/photos_thl5000_20151112/Camera/VID_20140104_021124.3gp, /share/homes/admin/hold/photos_thl5000_20151112/Camera/VID_20140104_021124.3gp, hold moved as it is identical, 2014-01-04 02:11:24, video
2016-11-14 21:59:41,603 /share/photo_dump/photos_thl5000_20151112/Camera/VID_20140104_021255.3gp, /share/homes/admin/hold/photos_thl5000_20151112/Camera/VID_20140104_021255.3gp, hold moved as it is identical, 2014-01-04 02:12:55, video
2016-11-14 21:59:42,541 /share/photo_dump/photos_thl5000_20151112/Camera/VID_20150811_105000.3gp, /share/homes/admin/hold/photos_thl5000_20151112/Camera/VID_20150811_105000.3gp, hold moved as it is identical, 2015-08-11 10:50:00, video
2016-11-14 21:59:44,104 /share/photo_dump/photos_thl5000_20151112/Camera/VID_20140104_020253.3gp, /share/homes/admin/hold/photos_thl5000_20151112/Camera/VID_20140104_020253.3gp, hold moved as it is identical, 2014-01-04 02:02:53, video
2016-11-14 21:59:45,216 /share/photo_dump/photos_thl5000_20151112/Camera/VID_20150815_014238.3gp, /share/homes/admin/hold/photos_thl5000_20151112/Camera/VID_20150815_014238.3gp, hold moved as it is identical, 2015-08-15 01:42:38, video
2016-11-14 21:59:46,262 /share/photo_dump/photos_thl5000_20151112/Camera/VID_20140104_012212.3gp, /share/homes/admin/hold/photos_thl5000_20151112/Camera/VID_20140104_012212.3gp, hold moved as it is identical, 2014-01-04 01:22:12, video
2016-11-14 21:59:49,147 /share/photo_dump/photos_thl5000_20151112/Camera/VID_20150809_171911.3gp, /share/homes/admin/hold/photos_thl5000_20151112/Camera/VID_20150809_171911.3gp, hold moved as it is identical, 2015-08-09 17:19:11, video
2016-11-14 21:59:53,098 /share/photo_dump/photos_thl5000_20151112/Camera/VID_20150811_152748.3gp, /share/homes/admin/hold/photos_thl5000_20151112/Camera/VID_20150811_152748.3gp, hold moved as it is identical, 2015-08-11 15:27:48, video
2016-11-14 21:59:54,628 /share/photo_dump/photos_thl5000_20151112/Camera/VID_20150815_013532.3gp, /share/homes/admin/hold/photos_thl5000_20151112/Camera/VID_20150815_013532.3gp, hold moved as it is identical, 2015-08-15 01:35:32, video
2016-11-14 21:59:55,580 /share/photo_dump/photos_thl5000_20151112/Camera/VID_20150811_083428.3gp, /share/homes/admin/hold/photos_thl5000_20151112/Camera/VID_20150811_083428.3gp, hold moved as it is identical, 2015-08-11 08:34:28, video
2016-11-14 21:59:57,059 /share/photo_dump/photos_thl5000_20151112/Camera/VID_20140104_012254.3gp, /share/homes/admin/hold/photos_thl5000_20151112/Camera/VID_20140104_012254.3gp, hold moved as it is identical, 2014-01-04 01:22:54, video
2016-11-14 21:59:58,556 /share/photo_dump/photos_thl5000_20151112/Camera/VID_20150808_173441.3gp, /share/homes/admin/hold/photos_thl5000_20151112/Camera/VID_20150808_173441.3gp, hold moved as it is identical, 2015-08-08 17:34:41, video
2016-11-14 22:00:01,705 /share/photo_dump/photos_thl5000_20151112/Camera/VID_20150811_104742.3gp, /share/homes/admin/hold/photos_thl5000_20151112/Camera/VID_20150811_104742.3gp, hold moved as it is identical, 2015-08-11 10:47:42, video
2016-11-14 22:00:02,513 /share/photo_dump/photos_thl5000_20151112/Camera/VID_20150807_194030.3gp, /share/homes/admin/hold/photos_thl5000_20151112/Camera/VID_20150807_194030.3gp, hold moved as it is identical, 2015-08-07 19:40:30, video
2016-11-14 22:00:03,262 /share/photo_dump/photos_thl5000_20151112/Camera/VID_20140104_012432.3gp, /share/homes/admin/hold/photos_thl5000_20151112/Camera/VID_20140104_012432.3gp, hold moved as it is identical, 2014-01-04 01:24:32, video
2016-11-14 22:00:03,522 /share/photo_dump/photos_thl5000_20151112/Camera/VID_20150809_171453.3gp, /share/homes/admin/hold/photos_thl5000_20151112/Camera/VID_20150809_171453.3gp, hold moved as it is identical, 2015-08-09 17:14:53, video
2016-11-14 22:00:05,763 /share/photo_dump/photos_thl5000_20151112/Camera/VID_20150815_013352.3gp, /share/homes/admin/hold/photos_thl5000_20151112/Camera/VID_20150815_013352.3gp, hold moved as it is identical, 2015-08-15 01:33:52, video
2016-11-14 22:00:07,685 /share/photo_dump/photos_thl5000_20151112/Camera/VID_20150815_095259.3gp, /share/homes/admin/hold/photos_thl5000_20151112/Camera/VID_20150815_095259.3gp, hold moved as it is identical, 2015-08-15 09:52:59, video
2016-11-14 22:00:07,820 /share/photo_dump/ECFE/ECFE/IMG_7556.jpg, /share/photo_archive/2016/06/IMG_7556.jpg, moved to, 2016-06-10 22:59:27.802234, None
2016-11-14 22:00:07,829 /share/photo_dump/ECFE/ECFE/IMG_8540.jpg, /share/photo_archive/2016/06/IMG_8540.jpg, moved to, 2016-06-10 23:03:05.522234, None
2016-11-14 22:00:07,832 /share/photo_dump/ECFE/ECFE/IMG_0240.jpg, /share/photo_archive/2016/06/IMG_0240.jpg, moved to, 2016-06-10 23:01:16.292234, None
2016-11-14 22:00:07,836 /share/photo_dump/ECFE/ECFE/IMG_6240.jpg, /share/photo_archive/2016/06/IMG_6240.jpg, moved to, 2016-06-10 22:59:55.952234, None
2016-11-14 22:00:07,839 /share/photo_dump/ECFE/ECFE/IMG_8559.jpg, /share/photo_archive/2016/06/IMG_8559.jpg, moved to, 2016-06-10 23:02:59.622234, None
2016-11-14 22:00:07,846 /share/photo_dump/ECFE/ECFE/IMG_0201.jpg, /share/photo_archive/2016/06/IMG_0201.jpg, moved to, 2016-06-10 23:01:45.592234, None
2016-11-14 22:00:07,852 /share/photo_dump/ECFE/ECFE/IMG_9989.jpg, /share/photo_archive/2016/06/IMG_9989.jpg, moved to, 2016-06-10 23:04:13.062234, None
2016-11-14 22:00:07,856 /share/photo_dump/ECFE/ECFE/IMG_8276.jpg, /share/photo_archive/2016/06/IMG_8276.jpg, moved to, 2016-06-10 23:02:30.002234, None
2016-11-14 22:00:07,860 /share/photo_dump/ECFE/ECFE/IMG_1086.jpg, /share/photo_archive/2016/06/IMG_1086.jpg, moved to, 2016-06-10 23:01:11.702234, None
2016-11-14 22:00:07,863 /share/photo_dump/ECFE/ECFE/IMG_9023.jpg, /share/photo_archive/2016/06/IMG_9023.jpg, moved to, 2016-06-10 22:59:40.612234, None
2016-11-14 22:00:07,867 /share/photo_dump/ECFE/ECFE/IMG_0664.jpg, /share/photo_archive/2016/06/IMG_0664.jpg, moved to, 2016-06-10 23:03:51.002234, None
2016-11-14 22:00:07,871 /share/photo_dump/ECFE/ECFE/IMG_7800.jpg, /share/photo_archive/2016/06/IMG_7800.jpg, moved to, 2016-06-10 23:03:16.972234, None
2016-11-14 22:00:07,874 /share/photo_dump/ECFE/ECFE/IMG_9808.jpg, /share/photo_archive/2016/06/IMG_9808.jpg, moved to, 2016-06-10 23:00:42.132234, None
2016-11-14 22:00:07,877 /share/photo_dump/ECFE/ECFE/IMG_8560.jpg, /share/photo_archive/2016/06/IMG_8560.jpg, moved to, 2016-06-10 23:00:26.242234, None
2016-11-14 22:00:07,880 /share/photo_dump/ECFE/ECFE/IMG_0203.jpg, /share/photo_archive/2016/06/IMG_0203.jpg, moved to, 2016-06-10 23:04:02.902234, None
2016-11-14 22:00:07,884 /share/photo_dump/ECFE/ECFE/IMG_0662.jpg, /share/photo_archive/2016/06/IMG_0662.jpg, moved to, 2016-06-10 23:03:00.682234, None
2016-11-14 22:00:07,887 /share/photo_dump/ECFE/ECFE/IMG_8826.jpg, /share/photo_archive/2016/06/IMG_8826.jpg, moved to, 2016-06-10 23:00:56.732234, None
2016-11-14 22:00:07,896 /share/photo_dump/ECFE/ECFE/IMG_6248.jpg, /share/photo_archive/2016/06/IMG_6248.jpg, moved to, 2016-06-10 23:04:00.912234, None
2016-11-14 22:00:07,899 /share/photo_dump/ECFE/ECFE/IMG_2486.jpg, /share/photo_archive/2016/06/IMG_2486.jpg, moved to, 2016-06-10 22:58:21.342234, None
2016-11-14 22:00:07,903 /share/photo_dump/ECFE/ECFE/IMG_9996.jpg, /share/photo_archive/2016/06/IMG_9996.jpg, moved to, 2016-06-10 23:02:04.732234, None
2016-11-14 22:00:07,906 /share/photo_dump/ECFE/ECFE/IMG_9784.jpg, /share/photo_archive/2016/06/IMG_9784.jpg, moved to, 2016-06-10 23:01:01.832234, None
2016-11-14 22:00:07,909 /share/photo_dump/ECFE/ECFE/IMG_9993.jpg, /share/photo_archive/2016/06/IMG_9993.jpg, moved to, 2016-06-10 22:58:54.332234, None
2016-11-14 22:00:07,912 /share/photo_dump/ECFE/ECFE/IMG_8390.jpg, /share/photo_archive/2016/06/IMG_8390.jpg, moved to, 2016-06-10 22:58:14.772234, None
2016-11-14 22:00:07,916 /share/photo_dump/ECFE/ECFE/IMG_2480.jpg, /share/photo_archive/2016/06/IMG_2480.jpg, moved to, 2016-06-10 22:59:45.072234, None
2016-11-14 22:00:07,919 /share/photo_dump/ECFE/ECFE/IMG_2491.jpg, /share/photo_archive/2016/06/IMG_2491.jpg, moved to, 2016-06-10 23:03:49.932234, None
2016-11-14 22:00:07,922 /share/photo_dump/ECFE/ECFE/IMG_9995.jpg, /share/photo_archive/2016/06/IMG_9995.jpg, moved to, 2016-06-10 23:03:26.662234, None
2016-11-14 22:00:07,926 /share/photo_dump/ECFE/ECFE/IMG_9780.jpg, /share/photo_archive/2016/06/IMG_9780.jpg, moved to, 2016-06-10 23:02:47.502234, None
2016-11-14 22:00:07,929 /share/photo_dump/ECFE/ECFE/IMG_0022.jpg, /share/photo_archive/2016/06/IMG_0022.jpg, moved to, 2016-06-10 22:58:37.322234, None
2016-11-14 22:00:07,933 /share/photo_dump/ECFE/ECFE/IMG_9196.jpg, /share/photo_archive/2016/06/IMG_9196.jpg, moved to, 2016-06-10 23:02:45.712234, None
2016-11-14 22:00:07,936 /share/photo_dump/ECFE/ECFE/IMG_6810.jpg, /share/photo_archive/2016/06/IMG_6810.jpg, moved to, 2016-06-10 22:59:54.492234, None
2016-11-14 22:00:07,939 /share/photo_dump/ECFE/ECFE/IMG_9997.jpg, /share/photo_archive/2016/06/IMG_9997.jpg, moved to, 2016-06-10 23:01:30.192234, None
2016-11-14 22:00:07,943 /share/photo_dump/ECFE/ECFE/IMG_2456.jpg, /share/photo_archive/2016/06/IMG_2456.jpg, moved to, 2016-06-10 23:01:56.722234, None
2016-11-14 22:00:07,946 /share/photo_dump/ECFE/ECFE/IMG_8386.jpg, /share/photo_archive/2016/06/IMG_8386.jpg, moved to, 2016-06-10 23:01:33.182234, None
2016-11-14 22:00:07,950 /share/photo_dump/ECFE/ECFE/IMG_0550.jpg, /share/photo_archive/2016/06/IMG_0550.jpg, moved to, 2016-06-10 23:02:31.672234, None
2016-11-14 22:00:07,953 /share/photo_dump/ECFE/ECFE/IMG_0552.jpg, /share/photo_archive/2016/06/IMG_0552.jpg, moved to, 2016-06-10 22:59:57.522234, None
2016-11-14 22:00:07,956 /share/photo_dump/ECFE/ECFE/IMG_0222.jpg, /share/photo_archive/2016/06/IMG_0222.jpg, moved to, 2016-06-10 23:02:42.912234, None
2016-11-14 22:00:07,959 /share/photo_dump/ECFE/ECFE/IMG_7803.jpg, /share/photo_archive/2016/06/IMG_7803.jpg, moved to, 2016-06-10 23:04:11.312234, None
2016-11-14 22:00:07,962 /share/photo_dump/ECFE/ECFE/IMG_2288.jpg, /share/photo_archive/2016/06/IMG_2288.jpg, moved to, 2016-06-10 23:03:03.592234, None
2016-11-14 22:00:07,966 /share/photo_dump/ECFE/ECFE/IMG_6102.jpg, /share/photo_archive/2016/06/IMG_6102.jpg, moved to, 2016-06-10 23:02:40.932234, None
2016-11-14 22:00:07,969 /share/photo_dump/ECFE/ECFE/IMG_6802.jpg, /share/photo_archive/2016/06/IMG_6802.jpg, moved to, 2016-06-10 22:58:53.562234, None
2016-11-14 22:00:07,972 /share/photo_dump/ECFE/ECFE/IMG_0663.jpg, /share/photo_archive/2016/06/IMG_0663.jpg, moved to, 2016-06-10 23:02:40.012234, None
2016-11-14 22:00:07,976 /share/photo_dump/ECFE/ECFE/IMG_2475.jpg, /share/photo_archive/2016/06/IMG_2475.jpg, moved to, 2016-06-10 22:59:10.202234, None
2016-11-14 22:00:07,979 /share/photo_dump/ECFE/ECFE/IMG_8816.jpg, /share/photo_archive/2016/06/IMG_8816.jpg, moved to, 2016-06-10 22:58:22.322234, None
2016-11-14 22:00:07,982 /share/photo_dump/ECFE/ECFE/IMG_7801.jpg, /share/photo_archive/2016/06/IMG_7801.jpg, moved to, 2016-06-10 22:58:56.882234, None
2016-11-14 22:00:07,987 /share/photo_dump/ECFE/ECFE/IMG_0208.jpg, /share/photo_archive/2016/06/IMG_0208.jpg, moved to, 2016-06-10 22:59:46.722234, None
2016-11-14 22:00:07,990 /share/photo_dump/ECFE/ECFE/IMG_2483.jpg, /share/photo_archive/2016/06/IMG_2483.jpg, moved to, 2016-06-10 23:01:31.752234, None
2016-11-14 22:00:07,994 /share/photo_dump/ECFE/ECFE/IMG_8394.jpg, /share/photo_archive/2016/06/IMG_8394.jpg, moved to, 2016-06-10 22:58:52.352234, None
2016-11-14 22:00:07,997 /share/photo_dump/ECFE/ECFE/IMG_6237.jpg, /share/photo_archive/2016/06/IMG_6237.jpg, moved to, 2016-06-10 22:58:23.612234, None
2016-11-14 22:00:08,001 /share/photo_dump/ECFE/ECFE/IMG_6097.jpg, /share/photo_archive/2016/06/IMG_6097.jpg, moved to, 2016-06-10 23:00:44.142234, None
2016-11-14 22:00:08,004 /share/photo_dump/ECFE/ECFE/IMG_8283.jpg, /share/photo_archive/2016/06/IMG_8283.jpg, moved to, 2016-06-10 23:03:52.182234, None
2016-11-14 22:00:08,014 /share/photo_dump/ECFE/ECFE/IMG_2476.jpg, /share/photo_archive/2016/06/IMG_2476.jpg, moved to, 2016-06-10 23:01:28.922234, None
2016-11-14 22:00:08,017 /share/photo_dump/ECFE/ECFE/IMG_0243.jpg, /share/photo_archive/2016/06/IMG_0243.jpg, moved to, 2016-06-10 23:01:34.952234, None
2016-11-14 22:00:08,021 /share/photo_dump/ECFE/ECFE/IMG_2289.jpg, /share/photo_archive/2016/06/IMG_2289.jpg, moved to, 2016-06-10 23:03:25.282234, None
2016-11-14 22:00:08,024 /share/photo_dump/ECFE/ECFE/IMG_9193.jpg, /share/photo_archive/2016/06/IMG_9193.jpg, moved to, 2016-06-10 23:00:14.652234, None
2016-11-14 22:00:08,027 /share/photo_dump/ECFE/ECFE/IMG_2287.jpg, /share/photo_archive/2016/06/IMG_2287.jpg, moved to, 2016-06-10 23:02:48.912234, None
2016-11-14 22:00:08,031 /share/photo_dump/ECFE/ECFE/IMG_9021.jpg, /share/photo_archive/2016/06/IMG_9021.jpg, moved to, 2016-06-10 23:03:02.452234, None
2016-11-14 22:00:08,036 /share/photo_dump/ECFE/ECFE/IMG_0551.jpg, /share/photo_archive/2016/06/IMG_0551.jpg, moved to, 2016-06-10 23:03:48.952234, None
2016-11-14 22:00:08,039 /share/photo_dump/ECFE/ECFE/IMG_8269.jpg, /share/photo_archive/2016/06/IMG_8269.jpg, moved to, 2016-06-10 23:00:33.272234, None
2016-11-14 22:00:08,042 /share/photo_dump/ECFE/ECFE/IMG_8278.jpg, /share/photo_archive/2016/06/IMG_8278.jpg, moved to, 2016-06-10 22:58:23.442234, None
2016-11-14 22:00:08,045 /share/photo_dump/ECFE/ECFE/IMG_0242.jpg, /share/photo_archive/2016/06/IMG_0242.jpg, moved to, 2016-06-10 23:02:56.412234, None
2016-11-14 22:00:08,050 /share/photo_dump/ECFE/ECFE/IMG_0200.jpg, /share/photo_archive/2016/06/IMG_0200.jpg, moved to, 2016-06-10 23:01:03.282234, None
2016-11-14 22:00:08,054 /share/photo_dump/ECFE/ECFE/IMG_0547.jpg, /share/photo_archive/2016/06/IMG_0547.jpg, moved to, 2016-06-10 23:02:58.262234, None
2016-11-14 22:00:08,057 /share/photo_dump/ECFE/ECFE/IMG_2489.jpg, /share/photo_archive/2016/06/IMG_2489.jpg, moved to, 2016-06-10 23:04:09.892234, None
2016-11-14 22:00:08,060 /share/photo_dump/ECFE/ECFE/IMG_8385.jpg, /share/photo_archive/2016/06/IMG_8385.jpg, moved to, 2016-06-10 23:02:44.492234, None
2016-11-14 22:00:08,064 /share/photo_dump/ECFE/ECFE/IMG_8281.jpg, /share/photo_archive/2016/06/IMG_8281.jpg, moved to, 2016-06-10 23:01:36.742234, None
2016-11-14 22:00:08,067 /share/photo_dump/ECFE/ECFE/IMG_8389.jpg, /share/photo_archive/2016/06/IMG_8389.jpg, moved to, 2016-06-10 22:58:40.792234, None
2016-11-14 22:00:08,070 /share/photo_dump/ECFE/ECFE/IMG_0406.jpg, /share/photo_archive/2016/06/IMG_0406.jpg, moved to, 2016-06-10 23:02:32.952234, None
2016-11-14 22:00:08,074 /share/photo_dump/ECFE/ECFE/IMG_8259.jpg, /share/photo_archive/2016/06/IMG_8259.jpg, moved to, 2016-06-10 23:02:06.252234, None
2016-11-14 22:00:08,078 /share/photo_dump/ECFE/ECFE/IMG_7143.jpg, /share/photo_archive/2016/06/IMG_7143.jpg, moved to, 2016-06-10 23:03:23.982234, None
2016-11-14 22:00:08,081 /share/photo_dump/ECFE/ECFE/IMG_2490.jpg, /share/photo_archive/2016/06/IMG_2490.jpg, moved to, 2016-06-10 22:58:20.512234, None
2016-11-14 22:00:08,086 /share/photo_dump/ECFE/ECFE/IMG_8257.jpg, /share/photo_archive/2016/06/IMG_8257.jpg, moved to, 2016-06-10 23:03:35.042234, None
2016-11-14 22:00:08,089 /share/photo_dump/ECFE/ECFE/IMG_8552.jpg, /share/photo_archive/2016/06/IMG_8552.jpg, moved to, 2016-06-10 23:02:12.952234, None
2016-11-14 22:00:11,241 match-rmtree: /share/photo_dump/08/.@__thumb
2016-11-14 22:00:11,291 match-rmtree: /share/photo_dump/.@__thumb
2016-11-14 22:00:11,318 match-rmtree: /share/photo_dump/camera-20151228/Camera/.@__thumb
2016-11-14 22:00:11,320 match-rmtree: /share/photo_dump/camera-20160521/Camera/.@__thumb
2016-11-14 22:00:11,971 match-rmtree: /share/photo_dump/Evelyne/.@__thumb
2016-11-14 22:00:16,433 match-rmtree: /share/photo_dump/Camera/.@__thumb
2016-11-14 22:00:16,438 match-rmtree: /share/photo_dump/Camera/.aux/.@__thumb
2016-11-14 22:00:17,295 match-rmtree: /share/photo_dump/camera-20160702/.@__thumb
2016-11-14 22:00:17,516 match-rmtree: /share/photo_dump/camera-20160710/.@__thumb
2016-11-14 22:00:21,306 match-rmtree: /share/photo_dump/photos_thl5000_20151112/Camera/.@__thumb
2016-11-14 22:00:21,614 match-rmtree: /share/photo_dump/ECFE/ECFE/.@__thumb
2016-11-14 22:00:21,618 rmdir: /share/photo_dump/08
2016-11-14 22:00:21,744 rmdir: /share/photo_dump/camera-20151228/Camera
2016-11-14 22:00:21,745 rmdir: /share/photo_dump/camera-20151228
2016-11-14 22:00:21,747 rmdir: /share/photo_dump/camera-20160521/Camera
2016-11-14 22:00:21,748 rmdir: /share/photo_dump/camera-20160521
2016-11-14 22:00:21,749 rmdir: /share/photo_dump/Evelyne
2016-11-14 22:00:21,757 rmdir: /share/photo_dump/camera-20160702
2016-11-14 22:00:21,759 rmdir: /share/photo_dump/camera-20160710
2016-11-14 22:00:21,885 rmdir: /share/photo_dump/photos_thl5000_20151112/Camera/thumbnails
